This is pdfTeX, Version 3.141592653-2.6-1.40.24 (MiKTeX 22.8.28) (preloaded format=pdflatex 2022.3.14)  28 APR 2023 13:37
entering extended mode
 restricted \write18 enabled.
 %&-line parsing enabled.
**./Mega_Table.tex
(Mega_Table.tex
LaTeX2e <2021-11-15> patch level 1
L3 programming layer <2022-02-24>
(/home/autobuntu/.miktex/texmfs/install/tex/latex/ieeetran/IEEEtran.cls
Document Class: IEEEtran 2015/08/26 V1.8b by Michael Shell
-- See the "IEEEtran_HOWTO" manual for usage information.
-- http://www.michaelshell.org/tex/ieeetran/
\@IEEEtrantmpdimenA=\dimen138
\@IEEEtrantmpdimenB=\dimen139
\@IEEEtrantmpdimenC=\dimen140
\@IEEEtrantmpcountA=\count185
\@IEEEtrantmpcountB=\count186
\@IEEEtrantmpcountC=\count187
\@IEEEtrantmptoksA=\toks16
LaTeX Font Info:    Trying to load font information for OT1+ptm on input line 5
03.
(/home/autobuntu/.miktex/texmfs/install/tex/latex/psnfss/ot1ptm.fd
File: ot1ptm.fd 2001/06/04 font definitions for OT1/ptm.
)
** ATTENTION: Single column mode is not typically used with IEEE publications.
-- Using 8.5in x 11in (letter) paper.
-- Using PDF output.
\@IEEEnormalsizeunitybaselineskip=\dimen141
-- This is a 10 point document.
\CLASSINFOnormalsizebaselineskip=\dimen142
\CLASSINFOnormalsizeunitybaselineskip=\dimen143
\IEEEnormaljot=\dimen144
LaTeX Font Info:    Font shape `OT1/ptm/bx/n' in size <5> not available
(Font)              Font shape `OT1/ptm/b/n' tried instead on input line 1090.
LaTeX Font Info:    Font shape `OT1/ptm/bx/it' in size <5> not available
(Font)              Font shape `OT1/ptm/b/it' tried instead on input line 1090.

LaTeX Font Info:    Font shape `OT1/ptm/bx/n' in size <7> not available
(Font)              Font shape `OT1/ptm/b/n' tried instead on input line 1090.
LaTeX Font Info:    Font shape `OT1/ptm/bx/it' in size <7> not available
(Font)              Font shape `OT1/ptm/b/it' tried instead on input line 1090.

LaTeX Font Info:    Font shape `OT1/ptm/bx/n' in size <8> not available
(Font)              Font shape `OT1/ptm/b/n' tried instead on input line 1090.
LaTeX Font Info:    Font shape `OT1/ptm/bx/it' in size <8> not available
(Font)              Font shape `OT1/ptm/b/it' tried instead on input line 1090.

LaTeX Font Info:    Font shape `OT1/ptm/bx/n' in size <9> not available
(Font)              Font shape `OT1/ptm/b/n' tried instead on input line 1090.
LaTeX Font Info:    Font shape `OT1/ptm/bx/it' in size <9> not available
(Font)              Font shape `OT1/ptm/b/it' tried instead on input line 1090.

LaTeX Font Info:    Font shape `OT1/ptm/bx/n' in size <10> not available
(Font)              Font shape `OT1/ptm/b/n' tried instead on input line 1090.
LaTeX Font Info:    Font shape `OT1/ptm/bx/it' in size <10> not available
(Font)              Font shape `OT1/ptm/b/it' tried instead on input line 1090.

LaTeX Font Info:    Font shape `OT1/ptm/bx/n' in size <11> not available
(Font)              Font shape `OT1/ptm/b/n' tried instead on input line 1090.
LaTeX Font Info:    Font shape `OT1/ptm/bx/it' in size <11> not available
(Font)              Font shape `OT1/ptm/b/it' tried instead on input line 1090.

LaTeX Font Info:    Font shape `OT1/ptm/bx/n' in size <12> not available
(Font)              Font shape `OT1/ptm/b/n' tried instead on input line 1090.
LaTeX Font Info:    Font shape `OT1/ptm/bx/it' in size <12> not available
(Font)              Font shape `OT1/ptm/b/it' tried instead on input line 1090.

LaTeX Font Info:    Font shape `OT1/ptm/bx/n' in size <17> not available
(Font)              Font shape `OT1/ptm/b/n' tried instead on input line 1090.
LaTeX Font Info:    Font shape `OT1/ptm/bx/it' in size <17> not available
(Font)              Font shape `OT1/ptm/b/it' tried instead on input line 1090.

LaTeX Font Info:    Font shape `OT1/ptm/bx/n' in size <20> not available
(Font)              Font shape `OT1/ptm/b/n' tried instead on input line 1090.
LaTeX Font Info:    Font shape `OT1/ptm/bx/it' in size <20> not available
(Font)              Font shape `OT1/ptm/b/it' tried instead on input line 1090.

LaTeX Font Info:    Font shape `OT1/ptm/bx/n' in size <24> not available
(Font)              Font shape `OT1/ptm/b/n' tried instead on input line 1090.
LaTeX Font Info:    Font shape `OT1/ptm/bx/it' in size <24> not available
(Font)              Font shape `OT1/ptm/b/it' tried instead on input line 1090.

\IEEEquantizedlength=\dimen145
\IEEEquantizedlengthdiff=\dimen146
\IEEEquantizedtextheightdiff=\dimen147
\IEEEilabelindentA=\dimen148
\IEEEilabelindentB=\dimen149
\IEEEilabelindent=\dimen150
\IEEEelabelindent=\dimen151
\IEEEdlabelindent=\dimen152
\IEEElabelindent=\dimen153
\IEEEiednormlabelsep=\dimen154
\IEEEiedmathlabelsep=\dimen155
\IEEEiedtopsep=\skip47
\c@section=\count188
\c@subsection=\count189
\c@subsubsection=\count190
\c@paragraph=\count191
\c@IEEEsubequation=\count192
\abovecaptionskip=\skip48
\belowcaptionskip=\skip49
\c@figure=\count193
\c@table=\count194
\@IEEEeqnnumcols=\count195
\@IEEEeqncolcnt=\count196
\@IEEEsubeqnnumrollback=\count197
\@IEEEquantizeheightA=\dimen156
\@IEEEquantizeheightB=\dimen157
\@IEEEquantizeheightC=\dimen158
\@IEEEquantizeprevdepth=\dimen159
\@IEEEquantizemultiple=\count198
\@IEEEquantizeboxA=\box50
\@IEEEtmpitemindent=\dimen160
\IEEEPARstartletwidth=\dimen161
\c@IEEEbiography=\count199
\@IEEEtranrubishbin=\box51
) (/home/autobuntu/.miktex/texmfs/install/tex/latex/natbib/natbib.sty
Package: natbib 2010/09/13 8.31b (PWD, AO)
\bibhang=\skip50
\bibsep=\skip51
LaTeX Info: Redefining \cite on input line 694.
\c@NAT@ctr=\count266
)
(/home/autobuntu/.miktex/texmfs/install/tex/latex/geometry/geometry.sty
Package: geometry 2020/01/02 v5.9 Page Geometry

(/home/autobuntu/.miktex/texmfs/install/tex/latex/graphics/keyval.sty
Package: keyval 2014/10/28 v1.15 key=value parser (DPC)
\KV@toks@=\toks17
)
(/home/autobuntu/.miktex/texmfs/install/tex/generic/iftex/ifvtex.sty
Package: ifvtex 2019/10/25 v1.7 ifvtex legacy package. Use iftex instead.

(/home/autobuntu/.miktex/texmfs/install/tex/generic/iftex/iftex.sty
Package: iftex 2022/02/03 v1.0f TeX engine tests
))
\Gm@cnth=\count267
\Gm@cntv=\count268
\c@Gm@tempcnt=\count269
\Gm@bindingoffset=\dimen162
\Gm@wd@mp=\dimen163
\Gm@odd@mp=\dimen164
\Gm@even@mp=\dimen165
\Gm@layoutwidth=\dimen166
\Gm@layoutheight=\dimen167
\Gm@layouthoffset=\dimen168
\Gm@layoutvoffset=\dimen169
\Gm@dimlist=\toks18

(/home/autobuntu/.miktex/texmfs/install/tex/latex/geometry/geometry.cfg))
(/home/autobuntu/.miktex/texmfs/install/tex/latex/base/textcomp.sty
Package: textcomp 2020/02/02 v2.0n Standard LaTeX package
)
(/home/autobuntu/.miktex/texmfs/install/tex/latex/amsfonts/amssymb.sty
Package: amssymb 2013/01/14 v3.01 AMS font symbols

(/home/autobuntu/.miktex/texmfs/install/tex/latex/amsfonts/amsfonts.sty
Package: amsfonts 2013/01/14 v3.01 Basic AMSFonts support
\@emptytoks=\toks19
\symAMSa=\mathgroup4
\symAMSb=\mathgroup5
LaTeX Font Info:    Redeclaring math symbol \hbar on input line 98.
LaTeX Font Info:    Overwriting math alphabet `\mathfrak' in version `bold'
(Font)                  U/euf/m/n --> U/euf/b/n on input line 106.
))
(/home/autobuntu/.miktex/texmfs/install/tex/latex/tools/bm.sty
Package: bm 2021/04/25 v1.2e Bold Symbol Support (DPC/FMi)
\symboldoperators=\mathgroup6
\symboldletters=\mathgroup7
\symboldsymbols=\mathgroup8
Package bm Info: No bold for \OMX/cmex/m/n, using \pmb.
Package bm Info: No bold for \U/msa/m/n, using \pmb.
Package bm Info: No bold for \U/msb/m/n, using \pmb.
LaTeX Font Info:    Redeclaring math alphabet \mathbf on input line 149.
)
(/home/autobuntu/.miktex/texmfs/install/tex/latex/booktabs/booktabs.sty
Package: booktabs 2020/01/12 v1.61803398 Publication quality tables
\heavyrulewidth=\dimen170
\lightrulewidth=\dimen171
\cmidrulewidth=\dimen172
\belowrulesep=\dimen173
\belowbottomsep=\dimen174
\aboverulesep=\dimen175
\abovetopsep=\dimen176
\cmidrulesep=\dimen177
\cmidrulekern=\dimen178
\defaultaddspace=\dimen179
\@cmidla=\count270
\@cmidlb=\count271
\@aboverulesep=\dimen180
\@belowrulesep=\dimen181
\@thisruleclass=\count272
\@lastruleclass=\count273
\@thisrulewidth=\dimen182
)
(/home/autobuntu/.miktex/texmfs/install/tex/latex/tools/dcolumn.sty
Package: dcolumn 2014/10/28 v1.06 decimal alignment package (DPC)

(/home/autobuntu/.miktex/texmfs/install/tex/latex/tools/array.sty
Package: array 2021/10/04 v2.5f Tabular extension package (FMi)
\col@sep=\dimen183
\ar@mcellbox=\box52
\extrarowheight=\dimen184
\NC@list=\toks20
\extratabsurround=\skip52
\backup@length=\skip53
\ar@cellbox=\box53
))
(/home/autobuntu/.miktex/texmfs/install/tex/latex/multirow/multirow.sty
Package: multirow 2021/03/15 v2.8 Span multiple rows of a table
\multirow@colwidth=\skip54
\multirow@cntb=\count274
\multirow@dima=\skip55
\bigstrutjot=\dimen185
)
(/home/autobuntu/.miktex/texmfs/install/tex/latex/ragged2e/ragged2e.sty
Package: ragged2e 2021/12/15 v3.1 ragged2e Package
\CenteringLeftskip=\skip56
\RaggedLeftLeftskip=\skip57
\RaggedRightLeftskip=\skip58
\CenteringRightskip=\skip59
\RaggedLeftRightskip=\skip60
\RaggedRightRightskip=\skip61
\CenteringParfillskip=\skip62
\RaggedLeftParfillskip=\skip63
\RaggedRightParfillskip=\skip64
\JustifyingParfillskip=\skip65
\CenteringParindent=\skip66
\RaggedLeftParindent=\skip67
\RaggedRightParindent=\skip68
\JustifyingParindent=\skip69
)
(/home/autobuntu/.miktex/texmfs/install/tex/latex/graphics/graphicx.sty
Package: graphicx 2021/09/16 v1.2d Enhanced LaTeX Graphics (DPC,SPQR)

(/home/autobuntu/.miktex/texmfs/install/tex/latex/graphics/graphics.sty
Package: graphics 2021/03/04 v1.4d Standard LaTeX Graphics (DPC,SPQR)

(/home/autobuntu/.miktex/texmfs/install/tex/latex/graphics/trig.sty
Package: trig 2021/08/11 v1.11 sin cos tan (DPC)
)
(/home/autobuntu/.miktex/texmfs/install/tex/latex/graphics-cfg/graphics.cfg
File: graphics.cfg 2016/06/04 v1.11 sample graphics configuration
)
Package graphics Info: Driver file: pdftex.def on input line 107.

(/home/autobuntu/.miktex/texmfs/install/tex/latex/graphics-def/pdftex.def
File: pdftex.def 2020/10/05 v1.2a Graphics/color driver for pdftex
))
\Gin@req@height=\dimen186
\Gin@req@width=\dimen187
)
(/home/autobuntu/.miktex/texmfs/install/tex/latex/float/float.sty
Package: float 2001/11/08 v1.3d Float enhancements (AL)
\c@float@type=\count275
\float@exts=\toks21
\float@box=\box54
\@float@everytoks=\toks22
\@floatcapt=\box55
)
(/home/autobuntu/.miktex/texmfs/install/tex/latex/graphics/rotating.sty
Package: rotating 2016/08/11 v2.16d rotated objects in LaTeX

(/home/autobuntu/.miktex/texmfs/install/tex/latex/base/ifthen.sty
Package: ifthen 2020/11/24 v1.1c Standard LaTeX ifthen package (DPC)
)
\c@r@tfl@t=\count276
\rotFPtop=\skip70
\rotFPbot=\skip71
\rot@float@box=\box56
\rot@mess@toks=\toks23
)
(/home/autobuntu/.miktex/texmfs/install/tex/latex/makecell/makecell.sty
Package: makecell 2009/08/03 V0.1e Managing of Tab Column Heads and Cells
\rotheadsize=\dimen188
\c@nlinenum=\count277
\TeXr@lab=\toks24
)
(/home/autobuntu/.miktex/texmfs/install/tex/generic/babel/babel.sty
Package: babel 2022/02/26 3.73 The Babel package
\babel@savecnt=\count278
\U@D=\dimen189
\l@unhyphenated=\language79

(/home/autobuntu/.miktex/texmfs/install/tex/generic/babel/txtbabel.def)
\bbl@readstream=\read2
\bbl@dirlevel=\count279

*************************************
* Local config file bblopts.cfg used
*
(/home/autobuntu/.miktex/texmfs/install/tex/latex/arabi/bblopts.cfg
File: bblopts.cfg 2005/09/08 v0.1 add Arabic and Farsi to "declared" options of
 babel
)
(/home/autobuntu/.miktex/texmfs/install/tex/latex/babel-english/english.ldf
Language: english 2017/06/06 v3.3r English support from the babel system
Package babel Info: Hyphen rules for 'canadian' set to \l@english
(babel)             (\language0). Reported on input line 102.
Package babel Info: Hyphen rules for 'australian' set to \l@ukenglish
(babel)             (\language73). Reported on input line 105.
Package babel Info: Hyphen rules for 'newzealand' set to \l@ukenglish
(babel)             (\language73). Reported on input line 108.
))
(/home/autobuntu/.miktex/texmfs/install/tex/latex/caption/subcaption.sty
Package: subcaption 2022/01/07 v1.5 Sub-captions (AR)

(/home/autobuntu/.miktex/texmfs/install/tex/latex/caption/caption.sty
Package: caption 2022/03/01 v3.6b Customizing captions (AR)

(/home/autobuntu/.miktex/texmfs/install/tex/latex/caption/caption3.sty
Package: caption3 2022/03/17 v2.3b caption3 kernel (AR)
\caption@tempdima=\dimen190
\captionmargin=\dimen191
\caption@leftmargin=\dimen192
\caption@rightmargin=\dimen193
\caption@width=\dimen194
\caption@indent=\dimen195
\caption@parindent=\dimen196
\caption@hangindent=\dimen197
Package caption Info: Unknown document class (or package),
(caption)             standard defaults will be used.
Package caption Info: \@makecaption = \long macro:#1#2->\ifx \@captype \@IEEEta
blestring \footnotesize \bgroup \par \centering \@IEEEtabletopskipstrut {\norma
lfont \footnotesize #1}\\{\normalfont \footnotesize \scshape #2}\par \addvspace
 {0.5\baselineskip }\egroup \@IEEEtablecaptionsepspace \else \@IEEEfigurecaptio
nsepspace \setbox \@tempboxa \hbox {\normalfont \footnotesize {#1.}\nobreakspac
e \nobreakspace #2}\ifdim \wd \@tempboxa >\hsize \setbox \@tempboxa \hbox {\nor
malfont \footnotesize {#1.}\nobreakspace \nobreakspace }\parbox [t]{\hsize }{\n
ormalfont \footnotesize \noindent \unhbox \@tempboxa #2}\else \ifCLASSOPTIONcon
ference \hbox to\hsize {\normalfont \footnotesize \hfil \box \@tempboxa \hfil }
\else \hbox to\hsize {\normalfont \footnotesize \box \@tempboxa \hfil }\fi \fi 
\fi  on input line 1176.
)

Package caption Warning: Unknown document class (or package),
(caption)                standard defaults will be used.
See the caption package documentation for explanation.

\c@caption@flags=\count280
\c@continuedfloat=\count281
Package caption Info: float package is loaded.
Package caption Info: rotating package is loaded.
)
\c@subfigure=\count282
\c@subtable=\count283
) (/home/autobuntu/.miktex/texmfs/install/tex/latex/listings/listings.sty
\lst@mode=\count284
\lst@gtempboxa=\box57
\lst@token=\toks25
\lst@length=\count285
\lst@currlwidth=\dimen198
\lst@column=\count286
\lst@pos=\count287
\lst@lostspace=\dimen199
\lst@width=\dimen256
\lst@newlines=\count288
\lst@lineno=\count289
\lst@maxwidth=\dimen257

(/home/autobuntu/.miktex/texmfs/install/tex/latex/listings/lstmisc.sty
File: lstmisc.sty 2020/03/24 1.8d (Carsten Heinz)
\c@lstnumber=\count290
\lst@skipnumbers=\count291
\lst@framebox=\box58
)
(/home/autobuntu/.miktex/texmfs/install/tex/latex/listings/listings.cfg
File: listings.cfg 2020/03/24 1.8d listings configuration
))
Package: listings 2020/03/24 1.8d (Carsten Heinz)

(/home/autobuntu/.miktex/texmfs/install/tex/latex/acronym/acronym.sty
Package: acronym 2020/04/17 v1.47 Support for acronyms (Tobias Oetiker)

(/home/autobuntu/.miktex/texmfs/install/tex/latex/bigfoot/suffix.sty
Package: suffix 2006/07/15 1.5a Variant command support
)
(/home/autobuntu/.miktex/texmfs/install/tex/latex/xstring/xstring.sty
(/home/autobuntu/.miktex/texmfs/install/tex/generic/xstring/xstring.tex
\integerpart=\count292
\decimalpart=\count293
)
Package: xstring 2021/07/21 v1.84 String manipulations (CT)
)
\AC@clearlist=\toks26
)
(/home/autobuntu/.miktex/texmfs/install/tex/latex/matlab-prettifier/matlab-pret
tifier.sty
Package: matlab-prettifier 2014/06/19 v0.3 A package for prettyprinting Matlab 
source code
 (/home/autobuntu/.miktex/texmfs/install/tex/latex/xcolor/xcolor.sty
Package: xcolor 2021/10/31 v2.13 LaTeX color extensions (UK)

(/home/autobuntu/.miktex/texmfs/install/tex/latex/graphics-cfg/color.cfg
File: color.cfg 2016/01/02 v1.6 sample color configuration
)
Package xcolor Info: Driver file: pdftex.def on input line 227.
Package xcolor Info: Model `cmy' substituted by `cmy0' on input line 1352.
Package xcolor Info: Model `hsb' substituted by `rgb' on input line 1356.
Package xcolor Info: Model `RGB' extended on input line 1368.
Package xcolor Info: Model `HTML' substituted by `rgb' on input line 1370.
Package xcolor Info: Model `Hsb' substituted by `hsb' on input line 1371.
Package xcolor Info: Model `tHsb' substituted by `hsb' on input line 1372.
Package xcolor Info: Model `HSB' substituted by `hsb' on input line 1373.
Package xcolor Info: Model `Gray' substituted by `gray' on input line 1374.
Package xcolor Info: Model `wave' substituted by `hsb' on input line 1375.
)
\netBracketCount@mlpr=\count294
\blkLvl@mlpr=\count295
\blkLvlAtClassdef@mlpr=\count296
\emHeight@mlpr=\skip72
\jayDepth@mlpr=\skip73
\sectionRuleOffset@mlpr=\skip74
\toks@mlpr=\toks27
)
(/home/autobuntu/.miktex/texmfs/install/tex/latex/base/inputenc.sty
Package: inputenc 2021/02/14 v1.3d Input encoding file
\inpenc@prehook=\toks28
\inpenc@posthook=\toks29
)
(/home/autobuntu/.miktex/texmfs/install/tex/latex/psnfss/times.sty
Package: times 2020/03/25 PSNFSS-v9.3 (SPQR) 
)
(/home/autobuntu/.miktex/texmfs/install/tex/latex/tools/indentfirst.sty
Package: indentfirst 1995/11/23 v1.03 Indent first paragraph (DPC)
)
(/home/autobuntu/.miktex/texmfs/install/tex/latex/tools/multicol.sty
Package: multicol 2021/10/28 v1.9b multicolumn formatting (FMi)
\c@tracingmulticols=\count297
\mult@box=\box59
\multicol@leftmargin=\dimen258
\c@unbalance=\count298
\c@collectmore=\count299
\doublecol@number=\count300
\multicoltolerance=\count301
\multicolpretolerance=\count302
\full@width=\dimen259
\page@free=\dimen260
\premulticols=\dimen261
\postmulticols=\dimen262
\multicolsep=\skip75
\multicolbaselineskip=\skip76
\partial@page=\box60
\last@line=\box61
\maxbalancingoverflow=\dimen263
\mult@rightbox=\box62
\mult@grightbox=\box63
\mult@firstbox=\box64
\mult@gfirstbox=\box65
\@tempa=\box66
\@tempa=\box67
\@tempa=\box68
\@tempa=\box69
\@tempa=\box70
\@tempa=\box71
\@tempa=\box72
\@tempa=\box73
\@tempa=\box74
\@tempa=\box75
\@tempa=\box76
\@tempa=\box77
\@tempa=\box78
\@tempa=\box79
\@tempa=\box80
\@tempa=\box81
\@tempa=\box82
\@tempa=\box83
\@tempa=\box84
\@tempa=\box85
\@tempa=\box86
\@tempa=\box87
\@tempa=\box88
\@tempa=\box89
\@tempa=\box90
\@tempa=\box91
\@tempa=\box92
\@tempa=\box93
\@tempa=\box94
\@tempa=\box95
\@tempa=\box96
\@tempa=\box97
\@tempa=\box98
\@tempa=\box99
\@tempa=\box100
\@tempa=\box101
\c@minrows=\count303
\c@columnbadness=\count304
\c@finalcolumnbadness=\count305
\last@try=\dimen264
\multicolovershoot=\dimen265
\multicolundershoot=\dimen266
\mult@nat@firstbox=\box102
\colbreak@box=\box103
\mc@col@check@num=\count306
)
(/home/autobuntu/.miktex/texmfs/install/tex/latex/enumitem/enumitem.sty
Package: enumitem 2019/06/20 v3.9 Customized lists
\labelindent=\skip77
\enit@outerparindent=\dimen267
\enit@toks=\toks30
\enit@inbox=\box104
\enit@count@id=\count307
\enitdp@description=\count308
)
(/home/autobuntu/.miktex/texmfs/install/tex/latex/tools/tabularx.sty
Package: tabularx 2020/01/15 v2.11c `tabularx' package (DPC)
\TX@col@width=\dimen268
\TX@old@table=\dimen269
\TX@old@col=\dimen270
\TX@target=\dimen271
\TX@delta=\dimen272
\TX@cols=\count309
\TX@ftn=\toks31
)
(/home/autobuntu/.miktex/texmfs/install/tex/latex/tabularray/tabularray.sty
(/home/autobuntu/.miktex/texmfs/install/tex/latex/l3kernel/expl3.sty
Package: expl3 2022-02-24 L3 programming layer (loader) 

(/home/autobuntu/.miktex/texmfs/install/tex/latex/l3backend/l3backend-pdftex.de
f
File: l3backend-pdftex.def 2022-02-07 L3 backend support: PDF output (pdfTeX)
\l__color_backend_stack_int=\count310
\l__pdf_internal_box=\box105
))
Package: tabularray 2022-11-01 v2022D Typeset tabulars and arrays with LaTeX3
\l__tblr_a_int=\count311
\l__tblr_c_int=\count312
\l__tblr_r_int=\count313
\l__tblr_d_dim=\dimen273
\l__tblr_h_dim=\dimen274
\l__tblr_o_dim=\dimen275
\l__tblr_p_dim=\dimen276
\l__tblr_q_dim=\dimen277
\l__tblr_r_dim=\dimen278
\l__tblr_s_dim=\dimen279
\l__tblr_t_dim=\dimen280
\l__tblr_v_dim=\dimen281
\l__tblr_w_dim=\dimen282
\l__tblr_a_box=\box106
\l__tblr_b_box=\box107
\l__tblr_c_box=\box108
\l__tblr_d_box=\box109
\g__tblr_table_count_int=\count314
\c@rownum=\count315
\c@colnum=\count316
\c@rowcount=\count317
\c@colcount=\count318
\abovesep=\dimen283
\belowsep=\dimen284
\leftsep=\dimen285
\rightsep=\dimen286
\g_tblr_level_int=\count319
\g__tblr_data_row_key_count_int=\count320
\g__tblr_data_column_key_count_int=\count321
\g__tblr_data_cell_key_count_int=\count322
\g__tblr_array_int=\count323
\l__tblr_key_count_int=\count324
\l__tblr_key_quotient_int=\count325
\l__tblr_key_quotient_two_int=\count326
\l__tblr_key_remainder_int=\count327
\g__tblr_data_str_value_count_int=\count328
\rulewidth=\dimen287
\l__tblr_strut_dp_dim=\dimen288
\l__tblr_strut_ht_dim=\dimen289
\g__tblr_cell_wd_dim=\dimen290
\g__tblr_cell_ht_dim=\dimen291
\g__tblr_cell_head_dim=\dimen292
\g__tblr_cell_foot_dim=\dimen293
\l__column_target_dim=\dimen294
\l__tblr_caption_box=\box110
\l__tblr_caption_left_box=\box111
\l__tblr_row_head_box=\box112
\l__tblr_row_foot_box=\box113
\l__tblr_row_head_foot_dim=\dimen295
\tablewidth=\dimen296
\l__tblr_table_firsthead_box=\box114
\l__tblr_table_middlehead_box=\box115
\l__tblr_table_lasthead_box=\box116
\l__tblr_table_firstfoot_box=\box117
\l__tblr_table_middlefoot_box=\box118
\l__tblr_table_lastfoot_box=\box119
\l__tblr_remain_height_dim=\dimen297
\l__tblr_long_from_int=\count329
\l__tblr_long_to_int=\count330
\l__tblr_curr_i_int=\count331
\l__tblr_prev_i_int=\count332
\l__tblr_table_page_int=\count333
\l__tblr_table_head_box=\box120
\l__tblr_table_foot_box=\box121
\l__tblr_table_head_foot_dim=\dimen298
\l__tblr_table_head_body_foot_dim=\dimen299
\l__tblr_table_box=\box122
\l__tblr_table_hlines_box=\box123
\l__tblr_hline_box=\box124
\l__tblr_row_box=\box125
\l__tblr_col_o_wd_dim=\dimen300
\l__tblr_col_b_wd_dim=\dimen301
\l__tblr_hline_leftskip_dim=\dimen302
\l__tblr_hline_rightskip_dim=\dimen303
\l__tblr_row_ht_dim=\dimen304
\l__tblr_row_dp_dim=\dimen305
\l__tblr_row_abovesep_dim=\dimen306
\l__tblr_row_belowsep_dim=\dimen307
\l__tblr_row_vlines_box=\box126
\l__tblr_vline_box=\box127
\l__tblr_cell_box=\box128
\l__row_upper_dim=\dimen308
\l__row_lower_dim=\dimen309
\l__row_vpace_dim=\dimen310
\l__tblr_vline_aboveskip_dim=\dimen311
\l__tblr_vline_belowskip_dim=\dimen312
\l__tblr_cell_wd_dim=\dimen313
\l__tblr_cell_ht_dim=\dimen314
\l__tblr_diag_box=\box129
) (Mega_Table.aux)
\openout1 = `Mega_Table.aux'.

LaTeX Font Info:    Checking defaults for OML/cmm/m/it on input line 59.
LaTeX Font Info:    ... okay on input line 59.
LaTeX Font Info:    Checking defaults for OMS/cmsy/m/n on input line 59.
LaTeX Font Info:    ... okay on input line 59.
LaTeX Font Info:    Checking defaults for OT1/cmr/m/n on input line 59.
LaTeX Font Info:    ... okay on input line 59.
LaTeX Font Info:    Checking defaults for T1/cmr/m/n on input line 59.
LaTeX Font Info:    ... okay on input line 59.
LaTeX Font Info:    Checking defaults for TS1/cmr/m/n on input line 59.
LaTeX Font Info:    ... okay on input line 59.
LaTeX Font Info:    Checking defaults for OMX/cmex/m/n on input line 59.
LaTeX Font Info:    ... okay on input line 59.
LaTeX Font Info:    Checking defaults for U/cmr/m/n on input line 59.
LaTeX Font Info:    ... okay on input line 59.

-- Lines per column: 54 (approximate, difference = 2.43001pt).
*geometry* driver: auto-detecting
*geometry* detected driver: pdftex
*geometry* verbose mode - [ preamble ] result:
* driver: pdftex
* paper: <default>
* layout: <same size as paper>
* layoutoffset:(h,v)=(0.0pt,0.0pt)
* modes: 
* h-part:(L,W,R)=(72.26999pt, 469.75502pt, 72.26999pt)
* v-part:(T,H,B)=(72.26999pt, 650.43001pt, 72.26999pt)
* \paperwidth=614.295pt
* \paperheight=794.96999pt
* \textwidth=469.75502pt
* \textheight=650.43001pt
* \oddsidemargin=0.0pt
* \evensidemargin=0.0pt
* \topmargin=-33.342pt
* \headheight=12.0pt
* \headsep=21.342pt
* \topskip=12.0pt
* \footskip=25.80774pt
* \marginparwidth=20.0pt
* \marginparsep=10.0pt
* \columnsep=12.0pt
* \skip\footins=10.79993pt plus 4.79993pt minus 2.39996pt
* \hoffset=0.0pt
* \voffset=0.0pt
* \mag=1000
* \@twocolumnfalse
* \@twosidefalse
* \@mparswitchfalse
* \@reversemarginfalse
* (1in=72.27pt=25.4mm, 1cm=28.453pt)

(/home/autobuntu/.miktex/texmfs/install/tex/context/base/mkii/supp-pdf.mkii
[Loading MPS to PDF converter (version 2006.09.02).]
\scratchcounter=\count334
\scratchdimen=\dimen315
\scratchbox=\box130
\nofMPsegments=\count335
\nofMParguments=\count336
\everyMPshowfont=\toks32
\MPscratchCnt=\count337
\MPscratchDim=\dimen316
\MPnumerator=\count338
\makeMPintoPDFobject=\count339
\everyMPtoPDFconversion=\toks33
)
(/home/autobuntu/.miktex/texmfs/install/tex/latex/epstopdf-pkg/epstopdf-base.st
y
Package: epstopdf-base 2020-01-24 v2.11 Base part for package epstopdf
Package epstopdf-base Info: Redefining graphics rule for `.eps' on input line 4
85.
 (/home/autobuntu/.miktex/texmfs/install/tex/latex/00miktex/epstopdf-sys.cfg
File: epstopdf-sys.cfg 2021/03/18 v2.0 Configuration of epstopdf for MiKTeX
))
Package caption Info: Begin \AtBeginDocument code.
Package caption Info: listings package is loaded.
Package caption Info: End \AtBeginDocument code.
\c@lstlisting=\count340
(/home/autobuntu/.miktex/texmfs/install/tex/latex/ninecolors/ninecolors.sty
Package: ninecolors 2022-02-13 vv2022D Select colors with proper color contrast


(/home/autobuntu/.miktex/texmfs/install/tex/latex/l3packages/xparse/xparse.sty
Package: xparse 2022-01-12 L3 Experimental document command parser
))
> Step: init table outer spec.
> Step: parse table options.
> Step: split table.
> Step: init table inner spec.
> Step: parse table inner spec.
> Step: execute table commands.
> Step: calculate cell and line sizes.
> Step: build the whole table.
LaTeX Font Info:    Trying to load font information for U+msa on input line 92.

 (/home/autobuntu/.miktex/texmfs/install/tex/latex/amsfonts/umsa.fd
File: umsa.fd 2013/01/14 v3.01 AMS symbols A
)
LaTeX Font Info:    Trying to load font information for U+msb on input line 92.


(/home/autobuntu/.miktex/texmfs/install/tex/latex/amsfonts/umsb.fd
File: umsb.fd 2013/01/14 v3.01 AMS symbols B
)
> Step: init table outer spec.
> Step: parse table options.
> Step: split table.
> Step: init table inner spec.
> Step: parse table inner spec.
> Step: execute table commands.
> Step: calculate cell and line sizes.


Package tabularray Warning: Table width is too small, need 80.02747pt more!

> Step: build the whole table.

LaTeX Warning: Reference `fig:classified_point_clouds_all' on page 1 undefined 
on input line 166.


Overfull \hbox (3.1869pt too wide) in paragraph at lines 168--168
 []|[]|
 []


Overfull \hbox (0.80554pt too wide) in paragraph at lines 170--170
 []|[]|
 []


Overfull \hbox (0.80554pt too wide) in paragraph at lines 171--171
 []|[]|
 []


Overfull \hbox (2.61908pt too wide) in paragraph at lines 178--178
 []|\OT1/ptm/m/n/8 0.23|
 []


Overfull \hbox (2.61908pt too wide) in paragraph at lines 179--179
 []|\OT1/ptm/m/n/8 2.38|
 []


Overfull \hbox (2.61908pt too wide) in paragraph at lines 180--180
 []|\OT1/ptm/m/n/8 1.72|
 []


Overfull \hbox (2.61908pt too wide) in paragraph at lines 181--181
 []|\OT1/ptm/m/n/8 0.42|
 []


Overfull \hbox (2.61908pt too wide) in paragraph at lines 182--182
 []|\OT1/ptm/m/n/8 0.76|
 []


Overfull \hbox (2.61908pt too wide) in paragraph at lines 183--183
 []|\OT1/ptm/m/n/8 0.78|
 []


LaTeX Warning: Reference `fig:classified_point_clouds_all' on page 1 undefined 
on input line 186.


LaTeX Warning: Reference `fig:classified_point_clouds_all' on page 1 undefined 
on input line 186.


Overfull \hbox (0.80554pt too wide) in paragraph at lines 229--229
 []|[]|
 []


Overfull \hbox (0.80554pt too wide) in paragraph at lines 230--230
 []|[]|
 []


Overfull \hbox (2.61908pt too wide) in paragraph at lines 238--238
 []|\OT1/ptm/m/n/8 0.21|
 []


Overfull \hbox (2.61908pt too wide) in paragraph at lines 239--239
 []|\OT1/ptm/m/n/8 2.36|
 []


Overfull \hbox (2.61908pt too wide) in paragraph at lines 240--240
 []|\OT1/ptm/m/n/8 1.63|
 []


Overfull \hbox (2.61908pt too wide) in paragraph at lines 241--241
 []|\OT1/ptm/m/n/8 0.44|
 []


Overfull \hbox (2.61908pt too wide) in paragraph at lines 242--242
 []|\OT1/ptm/m/n/8 0.83|
 []


Overfull \hbox (2.61908pt too wide) in paragraph at lines 243--243
 []|\OT1/ptm/m/n/8 0.81|
 []


Overfull \hbox (2.61908pt too wide) in paragraph at lines 246--246
 []|\OT1/ptm/m/n/8 0.38|
 []


Overfull \hbox (2.61908pt too wide) in paragraph at lines 247--247
 []|\OT1/ptm/m/n/8 4.69|
 []


Overfull \hbox (2.61908pt too wide) in paragraph at lines 248--248
 []|\OT1/ptm/m/n/8 3.04|
 []


Overfull \hbox (2.61908pt too wide) in paragraph at lines 249--249
 []|\OT1/ptm/m/n/8 1.27|
 []


Overfull \hbox (2.61908pt too wide) in paragraph at lines 250--250
 []|\OT1/ptm/m/n/8 2.86|
 []


Overfull \hbox (2.61908pt too wide) in paragraph at lines 251--251
 []|\OT1/ptm/m/n/8 1.57|
 []


Overfull \hbox (2.61908pt too wide) in paragraph at lines 254--254
 []|\OT1/ptm/m/n/8 0.23|
 []


Overfull \hbox (2.61908pt too wide) in paragraph at lines 255--255
 []|\OT1/ptm/m/n/8 2.38|
 []


Overfull \hbox (2.61908pt too wide) in paragraph at lines 256--256
 []|\OT1/ptm/m/n/8 1.72|
 []


Overfull \hbox (2.61908pt too wide) in paragraph at lines 257--257
 []|\OT1/ptm/m/n/8 0.42|
 []


Overfull \hbox (2.61908pt too wide) in paragraph at lines 258--258
 []|\OT1/ptm/m/n/8 0.76|
 []


Overfull \hbox (2.61908pt too wide) in paragraph at lines 259--259
 []|\OT1/ptm/m/n/8 0.78|
 []


Overfull \hbox (2.61908pt too wide) in paragraph at lines 262--262
 []|\OT1/ptm/m/n/8 0.22|
 []


Overfull \hbox (2.61908pt too wide) in paragraph at lines 263--263
 []|\OT1/ptm/m/n/8 0.54|
 []


Overfull \hbox (2.61908pt too wide) in paragraph at lines 264--264
 []|\OT1/ptm/m/n/8 0.51|
 []


Overfull \hbox (2.61908pt too wide) in paragraph at lines 265--265
 []|\OT1/ptm/m/n/8 0.52|
 []


Overfull \hbox (2.61908pt too wide) in paragraph at lines 266--266
 []|\OT1/ptm/m/n/8 0.77|
 []


Overfull \hbox (2.61908pt too wide) in paragraph at lines 267--267
 []|\OT1/ptm/m/n/8 0.57|
 []


Overfull \hbox (2.61908pt too wide) in paragraph at lines 270--270
 []|\OT1/ptm/m/n/8 0.21|
 []


Overfull \hbox (2.61908pt too wide) in paragraph at lines 271--271
 []|\OT1/ptm/m/n/8 2.47|
 []


Overfull \hbox (2.61908pt too wide) in paragraph at lines 272--272
 []|\OT1/ptm/m/n/8 2.26|
 []


Overfull \hbox (2.61908pt too wide) in paragraph at lines 273--273
 []|\OT1/ptm/m/n/8 1.05|
 []


Overfull \hbox (2.61908pt too wide) in paragraph at lines 274--274
 []|\OT1/ptm/m/n/8 1.59|
 []


Overfull \hbox (2.61908pt too wide) in paragraph at lines 275--275
 []|\OT1/ptm/m/n/8 0.73|
 []


Overfull \hbox (2.61908pt too wide) in paragraph at lines 278--278
 []|\OT1/ptm/m/n/8 0.37|
 []


Overfull \hbox (2.61908pt too wide) in paragraph at lines 279--279
 []|\OT1/ptm/m/n/8 1.78|
 []


Overfull \hbox (2.61908pt too wide) in paragraph at lines 280--280
 []|\OT1/ptm/m/n/8 1.66|
 []


Overfull \hbox (2.61908pt too wide) in paragraph at lines 281--281
 []|\OT1/ptm/m/n/8 0.29|
 []


Overfull \hbox (2.61908pt too wide) in paragraph at lines 282--282
 []|\OT1/ptm/m/n/8 0.36|
 []


Overfull \hbox (2.61908pt too wide) in paragraph at lines 283--283
 []|\OT1/ptm/m/n/8 0.87|
 []

[1{/home/autobuntu/.miktex/texmfs/data/fonts/map/pdftex/pdftex.map}]
(Mega_Table.bbl

Package natbib Warning: Empty `thebibliography' environment on input line 3.

) [2] (Mega_Table.aux)

LaTeX Warning: There were undefined references.

 ) 
Here is how much of TeX's memory you used:
 12469 strings out of 478583
 232295 string characters out of 2847216
 691446 words of memory out of 3000000
 30503 multiletter control sequences out of 15000+600000
 506227 words of font info for 104 fonts, out of 8000000 for 9000
 1144 hyphenation exceptions out of 8191
 67i,14n,100p,471b,769s stack positions out of 10000i,1000n,20000p,200000b,80000s
{/home/autobuntu/.miktex/texmfs/install/fonts/enc/dvips/base/8r.enc}</home/au
tobuntu/.miktex/texmfs/install/fonts/type1/urw/times/utmb8a.pfb></home/autobunt
u/.miktex/texmfs/install/fonts/type1/urw/times/utmr8a.pfb>
Output written on Mega_Table.pdf (2 pages, 39822 bytes).
PDF statistics:
 20 PDF objects out of 1000 (max. 8388607)
 0 named destinations out of 1000 (max. 500000)
 1 words of extra memory for PDF output out of 10000 (max. 10000000)

